S-4 Minor-2/Library/Bee/Android/Prj/Mono2x/Gradle/launcher/build/intermediates/manifest_merge_blame_file/debug/manifest-merger-blame-debug-report.txt
1<?xml version="1.0" encoding="utf-8"?>
2<manifest xmlns:android="http://schemas.android.com/apk/res/android"
3    package="com.DefaultCompany.S4Minor2"
4    android:installLocation="preferExternal"
5    android:versionCode="1"
6    android:versionName="0.1" >
7
8    <uses-sdk
9        android:minSdkVersion="27"
9-->src/main/AndroidManifest.xml
10        android:targetSdkVersion="30" />
10-->src/main/AndroidManifest.xml
11
12    <supports-screens
12-->src/main/AndroidManifest.xml:3:3-163
13        android:anyDensity="true"
13-->src/main/AndroidManifest.xml:3:135-160
14        android:largeScreens="true"
14-->src/main/AndroidManifest.xml:3:78-105
15        android:normalScreens="true"
15-->src/main/AndroidManifest.xml:3:49-77
16        android:smallScreens="true"
16-->src/main/AndroidManifest.xml:3:21-48
17        android:xlargeScreens="true" />
17-->src/main/AndroidManifest.xml:3:106-134
18
19    <uses-feature android:glEsVersion="0x00030000" />
19-->[:unityLibrary] AndroidManifest.xml:12:5-54
19-->[:unityLibrary] AndroidManifest.xml:12:19-51
20
21    <uses-permission android:name="android.permission.INTERNET" />
21-->[:unityLibrary] AndroidManifest.xml:14:5-67
21-->[:unityLibrary] AndroidManifest.xml:14:22-64
22    <uses-permission android:name="android.permission.CAMERA" />
22-->[:unityLibrary] AndroidManifest.xml:15:5-65
22-->[:unityLibrary] AndroidManifest.xml:15:22-62
23
24    <uses-feature
24-->[:unityLibrary] AndroidManifest.xml:17:5-19:36
25        android:name="android.hardware.camera"
25-->[:unityLibrary] AndroidManifest.xml:18:9-47
26        android:required="true" />
26-->[:unityLibrary] AndroidManifest.xml:19:9-33
27    <uses-feature
27-->[:unityLibrary] AndroidManifest.xml:20:5-22:36
28        android:name="android.hardware.camera.autofocus"
28-->[:unityLibrary] AndroidManifest.xml:21:9-57
29        android:required="false" />
29-->[:unityLibrary] AndroidManifest.xml:22:9-33
30    <uses-feature
30-->[:unityLibrary] AndroidManifest.xml:23:5-25:36
31        android:name="android.hardware.camera.front"
31-->[:unityLibrary] AndroidManifest.xml:24:9-53
32        android:required="false" />
32-->[:unityLibrary] AndroidManifest.xml:25:9-33
33    <uses-feature
33-->[:unityLibrary] AndroidManifest.xml:26:5-28:36
34        android:name="android.hardware.touchscreen"
34-->[:unityLibrary] AndroidManifest.xml:27:9-52
35        android:required="false" />
35-->[:unityLibrary] AndroidManifest.xml:28:9-33
36    <uses-feature
36-->[:unityLibrary] AndroidManifest.xml:29:5-31:36
37        android:name="android.hardware.touchscreen.multitouch"
37-->[:unityLibrary] AndroidManifest.xml:30:9-63
38        android:required="false" />
38-->[:unityLibrary] AndroidManifest.xml:31:9-33
39    <uses-feature
39-->[:unityLibrary] AndroidManifest.xml:32:5-34:36
40        android:name="android.hardware.touchscreen.multitouch.distinct"
40-->[:unityLibrary] AndroidManifest.xml:33:9-72
41        android:required="false" />
41-->[:unityLibrary] AndroidManifest.xml:34:9-33
42    <uses-feature
42-->[:unityLibrary] AndroidManifest.xml:35:5-37:35
43        android:name="android.hardware.camera.ar"
43-->[:unityLibrary] AndroidManifest.xml:36:9-50
44        android:required="true" />
44-->[:unityLibrary] AndroidManifest.xml:37:9-32
45    <uses-feature
45-->[:unityLibrary] AndroidManifest.xml:38:5-40:35
46        android:name="com.google.ar.core.depth"
46-->[:unityLibrary] AndroidManifest.xml:39:9-48
47        android:required="true" />
47-->[:unityLibrary] AndroidManifest.xml:40:9-32
48
49    <queries>
49-->[:arcore_client:] AndroidManifest.xml:29:5-31:15
50        <package android:name="com.google.ar.core" />
50-->[:arcore_client:] AndroidManifest.xml:30:9-54
50-->[:arcore_client:] AndroidManifest.xml:30:18-51
51    </queries>
52    <!--
53        Required by Vuforia: Add this permission to access IMU sensors at high rate
54        for device tracker functionality on Android 12+.
55    -->
56    <uses-permission android:name="android.permission.HIGH_SAMPLING_RATE_SENSORS" /> <!-- Required by Vuforia: Add this permission to allow checking of network. -->
56-->[:VuforiaEngine:] AndroidManifest.xml:16:5-85
56-->[:VuforiaEngine:] AndroidManifest.xml:16:22-82
57    <uses-permission android:name="android.permission.ACCESS_NETWORK_STATE" />
57-->[:VuforiaEngine:] AndroidManifest.xml:19:5-79
57-->[:VuforiaEngine:] AndroidManifest.xml:19:22-76
58
59    <application
59-->src/main/AndroidManifest.xml:4:3-83
60        android:debuggable="true"
61        android:extractNativeLibs="true"
61-->[:unityLibrary] AndroidManifest.xml:42:18-50
62        android:icon="@mipmap/app_icon"
62-->src/main/AndroidManifest.xml:4:49-80
63        android:label="@string/app_name" >
63-->src/main/AndroidManifest.xml:4:16-48
64        <activity
64-->[:unityLibrary] AndroidManifest.xml:43:9-63:20
65            android:name="com.unity3d.player.UnityPlayerActivity"
65-->[:unityLibrary] AndroidManifest.xml:44:13-66
66            android:configChanges="mcc|mnc|locale|touchscreen|keyboard|keyboardHidden|navigation|orientation|screenLayout|uiMode|screenSize|smallestScreenSize|fontScale|layoutDirection|density"
66-->[:unityLibrary] AndroidManifest.xml:45:13-194
67            android:hardwareAccelerated="false"
67-->[:unityLibrary] AndroidManifest.xml:46:13-48
68            android:launchMode="singleTask"
68-->[:unityLibrary] AndroidManifest.xml:47:13-44
69            android:resizeableActivity="false"
69-->[:unityLibrary] AndroidManifest.xml:48:13-47
70            android:screenOrientation="fullUser"
70-->[:unityLibrary] AndroidManifest.xml:49:13-49
71            android:theme="@style/UnityThemeSelector" >
71-->[:unityLibrary] AndroidManifest.xml:50:13-54
72            <intent-filter>
72-->[:unityLibrary] AndroidManifest.xml:51:13-55:29
73                <action android:name="android.intent.action.MAIN" />
73-->[:unityLibrary] AndroidManifest.xml:52:17-69
73-->[:unityLibrary] AndroidManifest.xml:52:25-66
74
75                <category android:name="android.intent.category.LAUNCHER" />
75-->[:unityLibrary] AndroidManifest.xml:54:17-77
75-->[:unityLibrary] AndroidManifest.xml:54:27-74
76            </intent-filter>
77
78            <meta-data
78-->[:unityLibrary] AndroidManifest.xml:57:13-59:40
79                android:name="unityplayer.UnityActivity"
79-->[:unityLibrary] AndroidManifest.xml:58:17-57
80                android:value="true" />
80-->[:unityLibrary] AndroidManifest.xml:59:17-37
81            <meta-data
81-->[:unityLibrary] AndroidManifest.xml:60:13-62:40
82                android:name="android.notch_support"
82-->[:unityLibrary] AndroidManifest.xml:61:17-53
83                android:value="true" />
83-->[:unityLibrary] AndroidManifest.xml:62:17-37
84        </activity>
85
86        <meta-data
86-->[:unityLibrary] AndroidManifest.xml:65:9-67:33
87            android:name="unity.splash-mode"
87-->[:unityLibrary] AndroidManifest.xml:66:13-45
88            android:value="0" />
88-->[:unityLibrary] AndroidManifest.xml:67:13-30
89        <meta-data
89-->[:unityLibrary] AndroidManifest.xml:68:9-70:36
90            android:name="unity.splash-enable"
90-->[:unityLibrary] AndroidManifest.xml:69:13-47
91            android:value="True" />
91-->[:unityLibrary] AndroidManifest.xml:70:13-33
92        <meta-data
92-->[:unityLibrary] AndroidManifest.xml:71:9-73:36
93            android:name="unity.launch-fullscreen"
93-->[:unityLibrary] AndroidManifest.xml:72:13-51
94            android:value="True" />
94-->[:unityLibrary] AndroidManifest.xml:73:13-33
95        <meta-data
95-->[:unityLibrary] AndroidManifest.xml:74:9-76:50
96            android:name="notch.config"
96-->[:unityLibrary] AndroidManifest.xml:75:13-40
97            android:value="portrait|landscape" />
97-->[:unityLibrary] AndroidManifest.xml:76:13-47
98        <meta-data
98-->[:unityLibrary] AndroidManifest.xml:77:9-79:36
99            android:name="unity.auto-report-fully-drawn"
99-->[:unityLibrary] AndroidManifest.xml:78:13-57
100            android:value="true" />
100-->[:unityLibrary] AndroidManifest.xml:79:13-33
101        <meta-data
101-->[:unityLibrary] AndroidManifest.xml:80:9-82:36
102            android:name="unityplayer.SkipPermissionsDialog"
102-->[:unityLibrary] AndroidManifest.xml:81:13-61
103            android:value="true" />
103-->[:unityLibrary] AndroidManifest.xml:82:13-33
104        <meta-data
104-->[:unityLibrary] AndroidManifest.xml:83:9-85:40
105            android:name="com.google.ar.core"
105-->[:unityLibrary] AndroidManifest.xml:84:13-46
106            android:value="required" /> <!-- The minimal version code of ARCore APK required for an app using this SDK. -->
106-->[:unityLibrary] AndroidManifest.xml:85:13-37
107        <meta-data
107-->[:arcore_client:] AndroidManifest.xml:36:9-38:41
108            android:name="com.google.ar.core.min_apk_version"
108-->[:arcore_client:] AndroidManifest.xml:37:13-62
109            android:value="220920000" /> <!-- This activity is critical for installing ARCore when it is not already present. -->
109-->[:arcore_client:] AndroidManifest.xml:38:13-38
110        <activity
110-->[:arcore_client:] AndroidManifest.xml:40:9-46:80
111            android:name="com.google.ar.core.InstallActivity"
111-->[:arcore_client:] AndroidManifest.xml:41:13-62
112            android:configChanges="keyboardHidden|orientation|screenSize"
112-->[:arcore_client:] AndroidManifest.xml:42:13-74
113            android:excludeFromRecents="true"
113-->[:arcore_client:] AndroidManifest.xml:43:13-46
114            android:exported="false"
114-->[:arcore_client:] AndroidManifest.xml:44:13-37
115            android:launchMode="singleTop"
115-->[:arcore_client:] AndroidManifest.xml:45:13-43
116            android:theme="@android:style/Theme.Material.Light.Dialog.Alert" />
116-->[:arcore_client:] AndroidManifest.xml:46:13-77
117
118        <provider
118-->[:VuforiaEngine:] AndroidManifest.xml:25:9-33:20
119            android:name="com.vuforia.engine.app.VuforiaContentProvider"
119-->[:VuforiaEngine:] AndroidManifest.xml:26:13-73
120            android:authorities="com.DefaultCompany.S4Minor2.vuforia.share"
120-->[:VuforiaEngine:] AndroidManifest.xml:27:13-65
121            android:exported="false"
121-->[:VuforiaEngine:] AndroidManifest.xml:28:13-37
122            android:grantUriPermissions="true" >
122-->[:VuforiaEngine:] AndroidManifest.xml:29:13-47
123            <meta-data
123-->[:VuforiaEngine:] AndroidManifest.xml:30:13-32:53
124                android:name="android.support.FILE_PROVIDER_PATHS"
124-->[:VuforiaEngine:] AndroidManifest.xml:31:17-67
125                android:resource="@xml/filepaths" />
125-->[:VuforiaEngine:] AndroidManifest.xml:32:17-50
126        </provider>
127    </application>
128
129</manifest>